-------------------------------------------------------------------------------
Test set: com.ervan.peminjaman.PeminjamanServiceApplicationTests
-------------------------------------------------------------------------------
Tests run: 1, Failures: 0, Errors: 1, Skipped: 0, Time elapsed: 0.675 s <<< FAILURE! - in com.ervan.peminjaman.PeminjamanServiceApplicationTests
com.ervan.peminjaman.PeminjamanServiceApplicationTests  Time elapsed: 0.673 s  <<< ERROR!
java.lang.IllegalStateException: Unable to find a @SpringBootConfiguration, you need to use @ContextConfiguration or @SpringBootTest(classes=...) with your test

